<?xml version="1.0" encoding="UTF-8"?>
<!-- Generated by org.testng.reporters.JUnitXMLReporter -->
<testsuite hostname="EPINHYDW0968" ignored="1" name="Test" tests="4" failures="0" timestamp="19 Jul 2019 09:17:43 GMT" time="9.741" errors="0">
  <testcase name="@BeforeMethod beforeMethod" time="0.0" classname="epam.com.automationPractice.BaseTestClass">
    <failure type="java.lang.NullPointerException">
      <![CDATA[java.lang.NullPointerException
at epam.com.automationPractice.BaseTestClass.beforeMethod(BaseTestClass.java:23)
... Removed 28 stack frames]]>
    </failure>
  </testcase> <!-- @BeforeMethod beforeMethod -->
  <testcase name="@BeforeMethod beforeMethod" time="0.0" classname="epam.com.automationPractice.BaseTestClass">
    <skipped/>
  </testcase> <!-- @BeforeMethod beforeMethod -->
  <testcase name="@BeforeMethod beforeMethod" time="0.0" classname="epam.com.automationPractice.BaseTestClass">
    <skipped/>
  </testcase> <!-- @BeforeMethod beforeMethod -->
  <testcase name="@AfterTest afterMethod" time="0.0" classname="epam.com.automationPractice.RegisterUserFactoryPattern">
    <failure type="java.lang.NullPointerException">
      <![CDATA[java.lang.NullPointerException
at epam.com.automationPractice.RegisterUserFactoryPattern.afterMethod(RegisterUserFactoryPattern.java:66)
... Removed 24 stack frames]]>
    </failure>
  </testcase> <!-- @AfterTest afterMethod -->
  <testcase name="launchTestAutomation" time="7.021" classname="epam.com.automationPractice.BaseTestClass"/>
  <testcase name="launchTestAutomation" time="0.0" classname="epam.com.automationPractice.BaseTestClass">
    <skipped/>
  </testcase> <!-- launchTestAutomation -->
  <testcase name="chooseLogin" time="0.0" classname="epam.com.automationPractice.RegisterUserFactoryPattern">
    <skipped/>
  </testcase> <!-- chooseLogin -->
  <testcase name="addProduct" time="0.0" classname="epam.com.automationPractice.RegisterUserFactoryPattern">
    <skipped/>
  </testcase> <!-- addProduct -->
  <testcase name="@BeforeTest beforeTest" time="0.0" classname="epam.com.automationPractice.BaseTestClass">
    <ignored/>
  </testcase> <!-- @BeforeTest beforeTest -->
</testsuite> <!-- Test -->
